# JRE version: OpenJDK Runtime Environment Temurin-17.0.11+9 (17.0.11+9) (build 17.0.11+9)
# Java VM: OpenJDK 64-Bit Server VM Temurin-17.0.11+9 (17.0.11+9, mixed mode, tiered, compressed oops, compressed class ptrs, parallel gc, windows-amd64)
GC Precious Log:
 CPUs: 12 total, 12 available
 Memory: 16230M
 Large Page Support: Disabled
 NUMA Support: Disabled
 Compressed Oops: Enabled (32-bit)
 Alignments: Space 512K, Generation 512K, Heap 2M
 Heap Min Capacity: 100M
 Heap Initial Capacity: 100M
 Heap Max Capacity: 1G
 Pre-touch: Disabled
 Parallel Workers: 10
Heap:
 PSYoungGen      total 48128K, used 45740K [0x00000000eab00000, 0x00000000ee400000, 0x0000000100000000)
  eden space 43520K, 95% used [0x00000000eab00000,0x00000000ed37dc90,0x00000000ed580000)
  from space 4608K, 92% used [0x00000000edf80000,0x00000000ee3ad610,0x00000000ee400000)
  to   space 6144K, 0% used [0x00000000ed800000,0x00000000ed800000,0x00000000ede00000)
 ParOldGen       total 394752K, used 354098K [0x00000000c0000000, 0x00000000d8180000, 0x00000000eab00000)
  object space 394752K, 89% used [0x00000000c0000000,0x00000000d59ccb70,0x00000000d8180000)
 Metaspace       used 77040K, committed 78208K, reserved 1179648K
  class space    used 8151K, committed 8640K, reserved 1048576K
GC Heap History (20 events):
Event: 23.114 GC heap before
{Heap before GC invocations=126 (full 8):
 PSYoungGen      total 47104K, used 46765K [0x00000000eab00000, 0x00000000eec80000, 0x0000000100000000)
  eden space 31232K, 100% used [0x00000000eab00000,0x00000000ec980000,0x00000000ec980000)
  from space 15872K, 97% used [0x00000000edd00000,0x00000000eec2b660,0x00000000eec80000)
  to   space 16896K, 0% used [0x00000000ecb80000,0x00000000ecb80000,0x00000000edc00000)
 ParOldGen       total 394752K, used 314105K [0x00000000c0000000, 0x00000000d8180000, 0x00000000eab00000)
  object space 394752K, 79% used [0x00000000c0000000,0x00000000d32be668,0x00000000d8180000)
 Metaspace       used 73981K, committed 75200K, reserved 1179648K
  class space    used 7815K, committed 8320K, reserved 1048576K
}
Event: 23.119 GC heap after
{Heap after GC invocations=126 (full 8):
 PSYoungGen      total 50176K, used 16892K [0x00000000eab00000, 0x00000000f0600000, 0x0000000100000000)
  eden space 33280K, 0% used [0x00000000eab00000,0x00000000eab00000,0x00000000ecb80000)
  from space 16896K, 99% used [0x00000000ecb80000,0x00000000edbff050,0x00000000edc00000)
  to   space 29184K, 0% used [0x00000000ee980000,0x00000000ee980000,0x00000000f0600000)
 ParOldGen       total 394752K, used 324165K [0x00000000c0000000, 0x00000000d8180000, 0x00000000eab00000)
  object space 394752K, 82% used [0x00000000c0000000,0x00000000d3c916e8,0x00000000d8180000)
 Metaspace       used 73981K, committed 75200K, reserved 1179648K
  class space    used 7815K, committed 8320K, reserved 1048576K
}
Event: 23.220 GC heap before
{Heap before GC invocations=127 (full 8):
 PSYoungGen      total 50176K, used 50172K [0x00000000eab00000, 0x00000000f0600000, 0x0000000100000000)
  eden space 33280K, 100% used [0x00000000eab00000,0x00000000ecb80000,0x00000000ecb80000)
  from space 16896K, 99% used [0x00000000ecb80000,0x00000000edbff050,0x00000000edc00000)
  to   space 29184K, 0% used [0x00000000ee980000,0x00000000ee980000,0x00000000f0600000)
 ParOldGen       total 394752K, used 324165K [0x00000000c0000000, 0x00000000d8180000, 0x00000000eab00000)
  object space 394752K, 82% used [0x00000000c0000000,0x00000000d3c916e8,0x00000000d8180000)
 Metaspace       used 73982K, committed 75200K, reserved 1179648K
  class space    used 7815K, committed 8320K, reserved 1048576K
}
Event: 23.226 GC heap after
{Heap after GC invocations=127 (full 8):
 PSYoungGen      total 47616K, used 10823K [0x00000000eab00000, 0x00000000ef480000, 0x0000000100000000)
  eden space 36352K, 0% used [0x00000000eab00000,0x00000000eab00000,0x00000000ece80000)
  from space 11264K, 96% used [0x00000000ee980000,0x00000000ef411d48,0x00000000ef480000)
  to   space 16896K, 0% used [0x00000000ed380000,0x00000000ed380000,0x00000000ee400000)
 ParOldGen       total 394752K, used 334283K [0x00000000c0000000, 0x00000000d8180000, 0x00000000eab00000)
  object space 394752K, 84% used [0x00000000c0000000,0x00000000d4672f50,0x00000000d8180000)
 Metaspace       used 73982K, committed 75200K, reserved 1179648K
  class space    used 7815K, committed 8320K, reserved 1048576K
}
Event: 23.331 GC heap before
{Heap before GC invocations=128 (full 8):
 PSYoungGen      total 47616K, used 47175K [0x00000000eab00000, 0x00000000ef480000, 0x0000000100000000)
  eden space 36352K, 100% used [0x00000000eab00000,0x00000000ece80000,0x00000000ece80000)
  from space 11264K, 96% used [0x00000000ee980000,0x00000000ef411d48,0x00000000ef480000)
  to   space 16896K, 0% used [0x00000000ed380000,0x00000000ed380000,0x00000000ee400000)
 ParOldGen       total 394752K, used 334283K [0x00000000c0000000, 0x00000000d8180000, 0x00000000eab00000)
  object space 394752K, 84% used [0x00000000c0000000,0x00000000d4672f50,0x00000000d8180000)
 Metaspace       used 73982K, committed 75200K, reserved 1179648K
  class space    used 7815K, committed 8320K, reserved 1048576K
}
Event: 23.335 GC heap after
{Heap after GC invocations=128 (full 8):
 PSYoungGen      total 54784K, used 14898K [0x00000000eab00000, 0x00000000ef080000, 0x0000000100000000)
  eden space 39424K, 0% used [0x00000000eab00000,0x00000000eab00000,0x00000000ed180000)
  from space 15360K, 96% used [0x00000000ed380000,0x00000000ee20c968,0x00000000ee280000)
  to   space 14336K, 0% used [0x00000000ee280000,0x00000000ee280000,0x00000000ef080000)
 ParOldGen       total 394752K, used 334283K [0x00000000c0000000, 0x00000000d8180000, 0x00000000eab00000)
  object space 394752K, 84% used [0x00000000c0000000,0x00000000d4672f50,0x00000000d8180000)
 Metaspace       used 73982K, committed 75200K, reserved 1179648K
  class space    used 7815K, committed 8320K, reserved 1048576K
}
Event: 23.460 GC heap before
{Heap before GC invocations=129 (full 8):
 PSYoungGen      total 54784K, used 54322K [0x00000000eab00000, 0x00000000ef080000, 0x0000000100000000)
  eden space 39424K, 100% used [0x00000000eab00000,0x00000000ed180000,0x00000000ed180000)
  from space 15360K, 96% used [0x00000000ed380000,0x00000000ee20c968,0x00000000ee280000)
  to   space 14336K, 0% used [0x00000000ee280000,0x00000000ee280000,0x00000000ef080000)
 ParOldGen       total 394752K, used 334283K [0x00000000c0000000, 0x00000000d8180000, 0x00000000eab00000)
  object space 394752K, 84% used [0x00000000c0000000,0x00000000d4672f50,0x00000000d8180000)
 Metaspace       used 73992K, committed 75200K, reserved 1179648K
  class space    used 7816K, committed 8320K, reserved 1048576K
}
Event: 23.466 GC heap after
{Heap after GC invocations=129 (full 8):
 PSYoungGen      total 50176K, used 14331K [0x00000000eab00000, 0x00000000efd80000, 0x0000000100000000)
  eden space 35840K, 0% used [0x00000000eab00000,0x00000000eab00000,0x00000000ece00000)
  from space 14336K, 99% used [0x00000000ee280000,0x00000000ef07ed98,0x00000000ef080000)
  to   space 20992K, 0% used [0x00000000ece00000,0x00000000ece00000,0x00000000ee280000)
 ParOldGen       total 394752K, used 339819K [0x00000000c0000000, 0x00000000d8180000, 0x00000000eab00000)
  object space 394752K, 86% used [0x00000000c0000000,0x00000000d4bdad30,0x00000000d8180000)
 Metaspace       used 73992K, committed 75200K, reserved 1179648K
  class space    used 7816K, committed 8320K, reserved 1048576K
}
Event: 23.752 GC heap before
{Heap before GC invocations=130 (full 8):
 PSYoungGen      total 50176K, used 50171K [0x00000000eab00000, 0x00000000efd80000, 0x0000000100000000)
  eden space 35840K, 100% used [0x00000000eab00000,0x00000000ece00000,0x00000000ece00000)
  from space 14336K, 99% used [0x00000000ee280000,0x00000000ef07ed98,0x00000000ef080000)
  to   space 20992K, 0% used [0x00000000ece00000,0x00000000ece00000,0x00000000ee280000)
 ParOldGen       total 394752K, used 339819K [0x00000000c0000000, 0x00000000d8180000, 0x00000000eab00000)
  object space 394752K, 86% used [0x00000000c0000000,0x00000000d4bdad30,0x00000000d8180000)
 Metaspace       used 74016K, committed 75200K, reserved 1179648K
  class space    used 7818K, committed 8320K, reserved 1048576K
}
Event: 23.758 GC heap after
{Heap after GC invocations=130 (full 8):
 PSYoungGen      total 38912K, used 3072K [0x00000000eab00000, 0x00000000ee380000, 0x0000000100000000)
  eden space 35840K, 0% used [0x00000000eab00000,0x00000000eab00000,0x00000000ece00000)
  from space 3072K, 100% used [0x00000000ece00000,0x00000000ed100000,0x00000000ed100000)
  to   space 9728K, 0% used [0x00000000eda00000,0x00000000eda00000,0x00000000ee380000)
 ParOldGen       total 394752K, used 346752K [0x00000000c0000000, 0x00000000d8180000, 0x00000000eab00000)
  object space 394752K, 87% used [0x00000000c0000000,0x00000000d52a0358,0x00000000d8180000)
 Metaspace       used 74016K, committed 75200K, reserved 1179648K
  class space    used 7818K, committed 8320K, reserved 1048576K
}
Event: 23.983 GC heap before
{Heap before GC invocations=131 (full 8):
 PSYoungGen      total 38912K, used 38912K [0x00000000eab00000, 0x00000000ee380000, 0x0000000100000000)
  eden space 35840K, 100% used [0x00000000eab00000,0x00000000ece00000,0x00000000ece00000)
  from space 3072K, 100% used [0x00000000ece00000,0x00000000ed100000,0x00000000ed100000)
  to   space 9728K, 0% used [0x00000000eda00000,0x00000000eda00000,0x00000000ee380000)
 ParOldGen       total 394752K, used 346752K [0x00000000c0000000, 0x00000000d8180000, 0x00000000eab00000)
  object space 394752K, 87% used [0x00000000c0000000,0x00000000d52a0358,0x00000000d8180000)
 Metaspace       used 74016K, committed 75200K, reserved 1179648K
  class space    used 7818K, committed 8320K, reserved 1048576K
}
Event: 23.987 GC heap after
{Heap after GC invocations=131 (full 8):
 PSYoungGen      total 41984K, used 3802K [0x00000000eab00000, 0x00000000ede00000, 0x0000000100000000)
  eden space 37888K, 0% used [0x00000000eab00000,0x00000000eab00000,0x00000000ed000000)
  from space 4096K, 92% used [0x00000000eda00000,0x00000000eddb6ba0,0x00000000ede00000)
  to   space 4608K, 0% used [0x00000000ed500000,0x00000000ed500000,0x00000000ed980000)
 ParOldGen       total 394752K, used 346752K [0x00000000c0000000, 0x00000000d8180000, 0x00000000eab00000)
  object space 394752K, 87% used [0x00000000c0000000,0x00000000d52a0358,0x00000000d8180000)
 Metaspace       used 74016K, committed 75200K, reserved 1179648K
  class space    used 7818K, committed 8320K, reserved 1048576K
}
Event: 24.131 GC heap before
{Heap before GC invocations=132 (full 8):
 PSYoungGen      total 41984K, used 41690K [0x00000000eab00000, 0x00000000ede00000, 0x0000000100000000)
  eden space 37888K, 100% used [0x00000000eab00000,0x00000000ed000000,0x00000000ed000000)
  from space 4096K, 92% used [0x00000000eda00000,0x00000000eddb6ba0,0x00000000ede00000)
  to   space 4608K, 0% used [0x00000000ed500000,0x00000000ed500000,0x00000000ed980000)
 ParOldGen       total 394752K, used 346752K [0x00000000c0000000, 0x00000000d8180000, 0x00000000eab00000)
  object space 394752K, 87% used [0x00000000c0000000,0x00000000d52a0358,0x00000000d8180000)
 Metaspace       used 74017K, committed 75200K, reserved 1179648K
  class space    used 7818K, committed 8320K, reserved 1048576K
}
Event: 24.136 GC heap after
{Heap after GC invocations=132 (full 8):
 PSYoungGen      total 44544K, used 4604K [0x00000000eab00000, 0x00000000ee100000, 0x0000000100000000)
  eden space 39936K, 0% used [0x00000000eab00000,0x00000000eab00000,0x00000000ed200000)
  from space 4608K, 99% used [0x00000000ed500000,0x00000000ed97f3a0,0x00000000ed980000)
  to   space 7680K, 0% used [0x00000000ed980000,0x00000000ed980000,0x00000000ee100000)
 ParOldGen       total 394752K, used 349168K [0x00000000c0000000, 0x00000000d8180000, 0x00000000eab00000)
  object space 394752K, 88% used [0x00000000c0000000,0x00000000d54fc358,0x00000000d8180000)
 Metaspace       used 74017K, committed 75200K, reserved 1179648K
  class space    used 7818K, committed 8320K, reserved 1048576K
}
Event: 24.327 GC heap before
{Heap before GC invocations=133 (full 8):
 PSYoungGen      total 44544K, used 44540K [0x00000000eab00000, 0x00000000ee100000, 0x0000000100000000)
  eden space 39936K, 100% used [0x00000000eab00000,0x00000000ed200000,0x00000000ed200000)
  from space 4608K, 99% used [0x00000000ed500000,0x00000000ed97f3a0,0x00000000ed980000)
  to   space 7680K, 0% used [0x00000000ed980000,0x00000000ed980000,0x00000000ee100000)
 ParOldGen       total 394752K, used 349168K [0x00000000c0000000, 0x00000000d8180000, 0x00000000eab00000)
  object space 394752K, 88% used [0x00000000c0000000,0x00000000d54fc358,0x00000000d8180000)
 Metaspace       used 74024K, committed 75200K, reserved 1179648K
  class space    used 7818K, committed 8320K, reserved 1048576K
}
Event: 24.332 GC heap after
{Heap after GC invocations=133 (full 8):
 PSYoungGen      total 47616K, used 4853K [0x00000000eab00000, 0x00000000edf00000, 0x0000000100000000)
  eden space 41984K, 0% used [0x00000000eab00000,0x00000000eab00000,0x00000000ed400000)
  from space 5632K, 86% used [0x00000000ed980000,0x00000000ede3d768,0x00000000edf00000)
  to   space 5632K, 0% used [0x00000000ed400000,0x00000000ed400000,0x00000000ed980000)
 ParOldGen       total 394752K, used 350824K [0x00000000c0000000, 0x00000000d8180000, 0x00000000eab00000)
  object space 394752K, 88% used [0x00000000c0000000,0x00000000d569a358,0x00000000d8180000)
 Metaspace       used 74024K, committed 75200K, reserved 1179648K
  class space    used 7818K, committed 8320K, reserved 1048576K
}
Event: 24.478 GC heap before
{Heap before GC invocations=134 (full 8):
 PSYoungGen      total 47616K, used 46837K [0x00000000eab00000, 0x00000000edf00000, 0x0000000100000000)
  eden space 41984K, 100% used [0x00000000eab00000,0x00000000ed400000,0x00000000ed400000)
  from space 5632K, 86% used [0x00000000ed980000,0x00000000ede3d768,0x00000000edf00000)
  to   space 5632K, 0% used [0x00000000ed400000,0x00000000ed400000,0x00000000ed980000)
 ParOldGen       total 394752K, used 350824K [0x00000000c0000000, 0x00000000d8180000, 0x00000000eab00000)
  object space 394752K, 88% used [0x00000000c0000000,0x00000000d569a358,0x00000000d8180000)
 Metaspace       used 74024K, committed 75200K, reserved 1179648K
  class space    used 7818K, committed 8320K, reserved 1048576K
}
Event: 24.482 GC heap after
{Heap after GC invocations=134 (full 8):
 PSYoungGen      total 47616K, used 5601K [0x00000000eab00000, 0x00000000ee900000, 0x0000000100000000)
  eden space 41984K, 0% used [0x00000000eab00000,0x00000000eab00000,0x00000000ed400000)
  from space 5632K, 99% used [0x00000000ed400000,0x00000000ed978768,0x00000000ed980000)
  to   space 9728K, 0% used [0x00000000edf80000,0x00000000edf80000,0x00000000ee900000)
 ParOldGen       total 394752K, used 353834K [0x00000000c0000000, 0x00000000d8180000, 0x00000000eab00000)
  object space 394752K, 89% used [0x00000000c0000000,0x00000000d598ab70,0x00000000d8180000)
 Metaspace       used 74024K, committed 75200K, reserved 1179648K
  class space    used 7818K, committed 8320K, reserved 1048576K
}
Event: 24.761 GC heap before
{Heap before GC invocations=135 (full 8):
 PSYoungGen      total 47616K, used 47585K [0x00000000eab00000, 0x00000000ee900000, 0x0000000100000000)
  eden space 41984K, 100% used [0x00000000eab00000,0x00000000ed400000,0x00000000ed400000)
  from space 5632K, 99% used [0x00000000ed400000,0x00000000ed978768,0x00000000ed980000)
  to   space 9728K, 0% used [0x00000000edf80000,0x00000000edf80000,0x00000000ee900000)
 ParOldGen       total 394752K, used 353834K [0x00000000c0000000, 0x00000000d8180000, 0x00000000eab00000)
  object space 394752K, 89% used [0x00000000c0000000,0x00000000d598ab70,0x00000000d8180000)
 Metaspace       used 74075K, committed 75264K, reserved 1179648K
  class space    used 7823K, committed 8320K, reserved 1048576K
}
Event: 24.765 GC heap after
{Heap after GC invocations=135 (full 8):
 PSYoungGen      total 48128K, used 4277K [0x00000000eab00000, 0x00000000ee400000, 0x0000000100000000)
  eden space 43520K, 0% used [0x00000000eab00000,0x00000000eab00000,0x00000000ed580000)
  from space 4608K, 92% used [0x00000000edf80000,0x00000000ee3ad610,0x00000000ee400000)
  to   space 6144K, 0% used [0x00000000ed800000,0x00000000ed800000,0x00000000ede00000)
 ParOldGen       total 394752K, used 354098K [0x00000000c0000000, 0x00000000d8180000, 0x00000000eab00000)
  object space 394752K, 89% used [0x00000000c0000000,0x00000000d59ccb70,0x00000000d8180000)
 Metaspace       used 74075K, committed 75264K, reserved 1179648K
  class space    used 7823K, committed 8320K, reserved 1048576K
}

